{"C:\\Users\\lefak\\Documents\\GitHub\\Short-Course-System\\frontend\\src\\components\\LoginComponent.jsx": {"path":"C:\\Users\\lefak\\Documents\\GitHub\\Short-Course-System\\frontend\\src\\components\\LoginComponent.jsx","statementMap":{"0":{"start":{"line":15,"column":21},"end":{"line":15,"column":34}},"1":{"start":{"line":19,"column":30},"end":{"line":19,"column":42}},"2":{"start":{"line":20,"column":36},"end":{"line":20,"column":48}},"3":{"start":{"line":21,"column":17},"end":{"line":21,"column":29}},"4":{"start":{"line":23,"column":29},"end":{"line":40,"column":5}},"5":{"start":{"line":24,"column":25},"end":{"line":24,"column":49}},"6":{"start":{"line":25,"column":8},"end":{"line":39,"column":10}},"7":{"start":{"line":26,"column":31},"end":{"line":26,"column":78}},"8":{"start":{"line":27,"column":26},"end":{"line":27,"column":48}},"9":{"start":{"line":28,"column":25},"end":{"line":28,"column":36}},"10":{"start":{"line":31,"column":12},"end":{"line":31,"column":49}},"11":{"start":{"line":33,"column":30},"end":{"line":33,"column":40}},"12":{"start":{"line":34,"column":33},"end":{"line":34,"column":46}},"13":{"start":{"line":35,"column":26},"end":{"line":35,"column":37}},"14":{"start":{"line":36,"column":31},"end":{"line":36,"column":76}},"15":{"start":{"line":37,"column":12},"end":{"line":37,"column":66}},"16":{"start":{"line":43,"column":25},"end":{"line":67,"column":5}},"17":{"start":{"line":44,"column":8},"end":{"line":44,"column":27}},"18":{"start":{"line":47,"column":8},"end":{"line":52,"column":10}},"19":{"start":{"line":48,"column":12},"end":{"line":51,"column":13}},"20":{"start":{"line":49,"column":16},"end":{"line":49,"column":45}},"21":{"start":{"line":50,"column":16},"end":{"line":50,"column":57}},"22":{"start":{"line":55,"column":8},"end":{"line":64,"column":10}},"23":{"start":{"line":56,"column":25},"end":{"line":56,"column":44}},"24":{"start":{"line":57,"column":12},"end":{"line":57,"column":30}},"25":{"start":{"line":58,"column":12},"end":{"line":58,"column":49}},"26":{"start":{"line":61,"column":30},"end":{"line":61,"column":40}},"27":{"start":{"line":62,"column":33},"end":{"line":62,"column":46}},"28":{"start":{"line":63,"column":12},"end":{"line":63,"column":65}},"29":{"start":{"line":70,"column":32},"end":{"line":72,"column":7}},"30":{"start":{"line":71,"column":8},"end":{"line":71,"column":49}},"31":{"start":{"line":75,"column":4},"end":{"line":116,"column":5}},"32":{"start":{"line":76,"column":90},"end":{"line":76,"column":105}},"33":{"start":{"line":79,"column":105},"end":{"line":79,"column":129}},"34":{"start":{"line":80,"column":127},"end":{"line":80,"column":154}}},"fnMap":{"0":{"name":"LoginComponent","decl":{"start":{"line":13,"column":9},"end":{"line":13,"column":23}},"loc":{"start":{"line":13,"column":25},"end":{"line":117,"column":1}},"line":13},"1":{"name":"(anonymous_1)","decl":{"start":{"line":23,"column":29},"end":{"line":23,"column":30}},"loc":{"start":{"line":23,"column":34},"end":{"line":40,"column":5}},"line":23},"2":{"name":"(anonymous_2)","decl":{"start":{"line":25,"column":45},"end":{"line":25,"column":46}},"loc":{"start":{"line":25,"column":55},"end":{"line":32,"column":9}},"line":25},"3":{"name":"(anonymous_3)","decl":{"start":{"line":32,"column":17},"end":{"line":32,"column":18}},"loc":{"start":{"line":32,"column":26},"end":{"line":39,"column":9}},"line":32},"4":{"name":"(anonymous_4)","decl":{"start":{"line":43,"column":25},"end":{"line":43,"column":26}},"loc":{"start":{"line":43,"column":32},"end":{"line":67,"column":5}},"line":43},"5":{"name":"(anonymous_5)","decl":{"start":{"line":47,"column":53},"end":{"line":47,"column":54}},"loc":{"start":{"line":47,"column":70},"end":{"line":52,"column":9}},"line":47},"6":{"name":"(anonymous_6)","decl":{"start":{"line":55,"column":62},"end":{"line":55,"column":63}},"loc":{"start":{"line":55,"column":80},"end":{"line":60,"column":9}},"line":55},"7":{"name":"(anonymous_7)","decl":{"start":{"line":60,"column":17},"end":{"line":60,"column":18}},"loc":{"start":{"line":60,"column":26},"end":{"line":64,"column":9}},"line":60},"8":{"name":"(anonymous_8)","decl":{"start":{"line":70,"column":32},"end":{"line":70,"column":33}},"loc":{"start":{"line":70,"column":38},"end":{"line":72,"column":7}},"line":70},"9":{"name":"(anonymous_9)","decl":{"start":{"line":76,"column":87},"end":{"line":76,"column":88}},"loc":{"start":{"line":76,"column":90},"end":{"line":76,"column":105}},"line":76},"10":{"name":"(anonymous_10)","decl":{"start":{"line":79,"column":101},"end":{"line":79,"column":102}},"loc":{"start":{"line":79,"column":105},"end":{"line":79,"column":129}},"line":79},"11":{"name":"(anonymous_11)","decl":{"start":{"line":80,"column":123},"end":{"line":80,"column":124}},"loc":{"start":{"line":80,"column":127},"end":{"line":80,"column":154}},"line":80}},"branchMap":{"0":{"loc":{"start":{"line":48,"column":12},"end":{"line":51,"column":13}},"type":"if","locations":[{"start":{"line":48,"column":12},"end":{"line":51,"column":13}},{"start":{},"end":{}}],"line":48}},"s":{"0":0,"1":0,"2":0,"3":0,"4":0,"5":0,"6":0,"7":0,"8":0,"9":0,"10":0,"11":0,"12":0,"13":0,"14":0,"15":0,"16":0,"17":0,"18":0,"19":0,"20":0,"21":0,"22":0,"23":0,"24":0,"25":0,"26":0,"27":0,"28":0,"29":0,"30":0,"31":0,"32":0,"33":0,"34":0},"f":{"0":0,"1":0,"2":0,"3":0,"4":0,"5":0,"6":0,"7":0,"8":0,"9":0,"10":0,"11":0},"b":{"0":[0,0]}}
,"C:\\Users\\lefak\\Documents\\GitHub\\Short-Course-System\\frontend\\src\\components\\Questions.jsx": {"path":"C:\\Users\\lefak\\Documents\\GitHub\\Short-Course-System\\frontend\\src\\components\\Questions.jsx","statementMap":{"0":{"start":{"line":3,"column":15},"end":{"line":10,"column":1}},"1":{"start":{"line":12,"column":13},"end":{"line":18,"column":1}},"2":{"start":{"line":20,"column":23},"end":{"line":57,"column":1}},"3":{"start":{"line":61,"column":4},"end":{"line":104,"column":3}},"4":{"start":{"line":74,"column":20},"end":{"line":89,"column":25}},"5":{"start":{"line":78,"column":32},"end":{"line":85,"column":38}}},"fnMap":{"0":{"name":"Questions","decl":{"start":{"line":60,"column":9},"end":{"line":60,"column":18}},"loc":{"start":{"line":60,"column":21},"end":{"line":105,"column":1}},"line":60},"1":{"name":"(anonymous_1)","decl":{"start":{"line":72,"column":36},"end":{"line":72,"column":37}},"loc":{"start":{"line":74,"column":20},"end":{"line":89,"column":25}},"line":74},"2":{"name":"(anonymous_2)","decl":{"start":{"line":77,"column":61},"end":{"line":77,"column":62}},"loc":{"start":{"line":78,"column":32},"end":{"line":85,"column":38}},"line":78}},"branchMap":{},"s":{"0":0,"1":0,"2":0,"3":0,"4":0,"5":0},"f":{"0":0,"1":0,"2":0},"b":{}}
,"C:\\Users\\lefak\\Documents\\GitHub\\Short-Course-System\\frontend\\src\\components\\RegistrationComponent.jsx": {"path":"C:\\Users\\lefak\\Documents\\GitHub\\Short-Course-System\\frontend\\src\\components\\RegistrationComponent.jsx","statementMap":{"0":{"start":{"line":14,"column":21},"end":{"line":14,"column":34}},"1":{"start":{"line":16,"column":28},"end":{"line":16,"column":40}},"2":{"start":{"line":17,"column":30},"end":{"line":17,"column":42}},"3":{"start":{"line":18,"column":36},"end":{"line":18,"column":48}},"4":{"start":{"line":19,"column":50},"end":{"line":19,"column":62}},"5":{"start":{"line":21,"column":17},"end":{"line":21,"column":29}},"6":{"start":{"line":22,"column":15},"end":{"line":22,"column":32}},"7":{"start":{"line":24,"column":25},"end":{"line":63,"column":9}},"8":{"start":{"line":25,"column":8},"end":{"line":25,"column":27}},"9":{"start":{"line":26,"column":8},"end":{"line":29,"column":9}},"10":{"start":{"line":27,"column":12},"end":{"line":27,"column":44}},"11":{"start":{"line":28,"column":12},"end":{"line":28,"column":19}},"12":{"start":{"line":30,"column":8},"end":{"line":33,"column":9}},"13":{"start":{"line":31,"column":12},"end":{"line":31,"column":60}},"14":{"start":{"line":32,"column":12},"end":{"line":32,"column":19}},"15":{"start":{"line":34,"column":8},"end":{"line":37,"column":9}},"16":{"start":{"line":35,"column":12},"end":{"line":35,"column":56}},"17":{"start":{"line":36,"column":12},"end":{"line":36,"column":19}},"18":{"start":{"line":39,"column":8},"end":{"line":62,"column":15}},"19":{"start":{"line":42,"column":29},"end":{"line":42,"column":48}},"20":{"start":{"line":43,"column":31},"end":{"line":43,"column":39}},"21":{"start":{"line":46,"column":16},"end":{"line":51,"column":19}},"22":{"start":{"line":54,"column":16},"end":{"line":54,"column":53}},"23":{"start":{"line":59,"column":37},"end":{"line":59,"column":50}},"24":{"start":{"line":60,"column":16},"end":{"line":60,"column":48}},"25":{"start":{"line":65,"column":33},"end":{"line":67,"column":11}},"26":{"start":{"line":66,"column":12},"end":{"line":66,"column":50}},"27":{"start":{"line":69,"column":35},"end":{"line":93,"column":9}},"28":{"start":{"line":70,"column":29},"end":{"line":70,"column":53}},"29":{"start":{"line":71,"column":12},"end":{"line":92,"column":15}},"30":{"start":{"line":73,"column":29},"end":{"line":73,"column":40}},"31":{"start":{"line":74,"column":31},"end":{"line":74,"column":39}},"32":{"start":{"line":75,"column":16},"end":{"line":80,"column":19}},"33":{"start":{"line":82,"column":16},"end":{"line":82,"column":53}},"34":{"start":{"line":84,"column":34},"end":{"line":84,"column":44}},"35":{"start":{"line":85,"column":37},"end":{"line":85,"column":50}},"36":{"start":{"line":86,"column":30},"end":{"line":86,"column":41}},"37":{"start":{"line":87,"column":35},"end":{"line":87,"column":80}},"38":{"start":{"line":88,"column":16},"end":{"line":88,"column":39}},"39":{"start":{"line":89,"column":16},"end":{"line":89,"column":42}},"40":{"start":{"line":90,"column":16},"end":{"line":90,"column":35}},"41":{"start":{"line":91,"column":16},"end":{"line":91,"column":40}},"42":{"start":{"line":95,"column":8},"end":{"line":134,"column":9}},"43":{"start":{"line":96,"column":95},"end":{"line":96,"column":110}},"44":{"start":{"line":98,"column":93},"end":{"line":98,"column":116}},"45":{"start":{"line":99,"column":94},"end":{"line":99,"column":118}},"46":{"start":{"line":100,"column":113},"end":{"line":100,"column":140}},"47":{"start":{"line":101,"column":122},"end":{"line":101,"column":156}}},"fnMap":{"0":{"name":"RegistrationComponent","decl":{"start":{"line":12,"column":9},"end":{"line":12,"column":30}},"loc":{"start":{"line":12,"column":32},"end":{"line":140,"column":5}},"line":12},"1":{"name":"(anonymous_1)","decl":{"start":{"line":24,"column":25},"end":{"line":24,"column":26}},"loc":{"start":{"line":24,"column":37},"end":{"line":63,"column":9}},"line":24},"2":{"name":"(anonymous_2)","decl":{"start":{"line":40,"column":14},"end":{"line":40,"column":15}},"loc":{"start":{"line":40,"column":34},"end":{"line":56,"column":9}},"line":40},"3":{"name":"(anonymous_3)","decl":{"start":{"line":57,"column":15},"end":{"line":57,"column":16}},"loc":{"start":{"line":57,"column":26},"end":{"line":62,"column":13}},"line":57},"4":{"name":"(anonymous_4)","decl":{"start":{"line":65,"column":33},"end":{"line":65,"column":34}},"loc":{"start":{"line":65,"column":39},"end":{"line":67,"column":11}},"line":65},"5":{"name":"(anonymous_5)","decl":{"start":{"line":69,"column":35},"end":{"line":69,"column":36}},"loc":{"start":{"line":69,"column":40},"end":{"line":93,"column":9}},"line":69},"6":{"name":"(anonymous_6)","decl":{"start":{"line":71,"column":49},"end":{"line":71,"column":50}},"loc":{"start":{"line":71,"column":59},"end":{"line":83,"column":13}},"line":71},"7":{"name":"(anonymous_7)","decl":{"start":{"line":83,"column":21},"end":{"line":83,"column":22}},"loc":{"start":{"line":83,"column":30},"end":{"line":92,"column":13}},"line":83},"8":{"name":"(anonymous_8)","decl":{"start":{"line":96,"column":91},"end":{"line":96,"column":92}},"loc":{"start":{"line":96,"column":95},"end":{"line":96,"column":110}},"line":96},"9":{"name":"(anonymous_9)","decl":{"start":{"line":98,"column":90},"end":{"line":98,"column":91}},"loc":{"start":{"line":98,"column":93},"end":{"line":98,"column":116}},"line":98},"10":{"name":"(anonymous_10)","decl":{"start":{"line":99,"column":91},"end":{"line":99,"column":92}},"loc":{"start":{"line":99,"column":94},"end":{"line":99,"column":118}},"line":99},"11":{"name":"(anonymous_11)","decl":{"start":{"line":100,"column":110},"end":{"line":100,"column":111}},"loc":{"start":{"line":100,"column":113},"end":{"line":100,"column":140}},"line":100},"12":{"name":"(anonymous_12)","decl":{"start":{"line":101,"column":119},"end":{"line":101,"column":120}},"loc":{"start":{"line":101,"column":122},"end":{"line":101,"column":156}},"line":101}},"branchMap":{"0":{"loc":{"start":{"line":26,"column":8},"end":{"line":29,"column":9}},"type":"if","locations":[{"start":{"line":26,"column":8},"end":{"line":29,"column":9}},{"start":{},"end":{}}],"line":26},"1":{"loc":{"start":{"line":30,"column":8},"end":{"line":33,"column":9}},"type":"if","locations":[{"start":{"line":30,"column":8},"end":{"line":33,"column":9}},{"start":{},"end":{}}],"line":30},"2":{"loc":{"start":{"line":34,"column":8},"end":{"line":37,"column":9}},"type":"if","locations":[{"start":{"line":34,"column":8},"end":{"line":37,"column":9}},{"start":{},"end":{}}],"line":34}},"s":{"0":0,"1":0,"2":0,"3":0,"4":0,"5":0,"6":0,"7":0,"8":0,"9":0,"10":0,"11":0,"12":0,"13":0,"14":0,"15":0,"16":0,"17":0,"18":0,"19":0,"20":0,"21":0,"22":0,"23":0,"24":0,"25":0,"26":0,"27":0,"28":0,"29":0,"30":0,"31":0,"32":0,"33":0,"34":0,"35":0,"36":0,"37":0,"38":0,"39":0,"40":0,"41":0,"42":0,"43":0,"44":0,"45":0,"46":0,"47":0},"f":{"0":0,"1":0,"2":0,"3":0,"4":0,"5":0,"6":0,"7":0,"8":0,"9":0,"10":0,"11":0,"12":0},"b":{"0":[0,0],"1":[0,0],"2":[0,0]}}
,"C:\\Users\\lefak\\Documents\\GitHub\\Short-Course-System\\frontend\\src\\components\\Scroller.jsx": {"path":"C:\\Users\\lefak\\Documents\\GitHub\\Short-Course-System\\frontend\\src\\components\\Scroller.jsx","statementMap":{"0":{"start":{"line":6,"column":21},"end":{"line":9,"column":5}},"1":{"start":{"line":7,"column":21},"end":{"line":7,"column":54}},"2":{"start":{"line":8,"column":8},"end":{"line":8,"column":52}},"3":{"start":{"line":11,"column":23},"end":{"line":14,"column":5}},"4":{"start":{"line":12,"column":21},"end":{"line":12,"column":54}},"5":{"start":{"line":13,"column":8},"end":{"line":13,"column":52}},"6":{"start":{"line":16,"column":4},"end":{"line":43,"column":5}},"7":{"start":{"line":26,"column":24},"end":{"line":30,"column":22}}},"fnMap":{"0":{"name":"Scroller","decl":{"start":{"line":4,"column":9},"end":{"line":4,"column":17}},"loc":{"start":{"line":4,"column":19},"end":{"line":45,"column":1}},"line":4},"1":{"name":"(anonymous_1)","decl":{"start":{"line":6,"column":21},"end":{"line":6,"column":22}},"loc":{"start":{"line":6,"column":26},"end":{"line":9,"column":5}},"line":6},"2":{"name":"(anonymous_2)","decl":{"start":{"line":11,"column":23},"end":{"line":11,"column":24}},"loc":{"start":{"line":11,"column":29},"end":{"line":14,"column":5}},"line":11},"3":{"name":"(anonymous_3)","decl":{"start":{"line":25,"column":30},"end":{"line":25,"column":31}},"loc":{"start":{"line":26,"column":24},"end":{"line":30,"column":22}},"line":26}},"branchMap":{},"s":{"0":0,"1":0,"2":0,"3":0,"4":0,"5":0,"6":0,"7":0},"f":{"0":0,"1":0,"2":0,"3":0},"b":{}}
,"C:\\Users\\lefak\\Documents\\GitHub\\Short-Course-System\\frontend\\src\\components\\Search.jsx": {"path":"C:\\Users\\lefak\\Documents\\GitHub\\Short-Course-System\\frontend\\src\\components\\Search.jsx","statementMap":{"0":{"start":{"line":3,"column":4},"end":{"line":11,"column":5}}},"fnMap":{"0":{"name":"Search","decl":{"start":{"line":1,"column":9},"end":{"line":1,"column":15}},"loc":{"start":{"line":1,"column":17},"end":{"line":13,"column":1}},"line":1}},"branchMap":{},"s":{"0":2},"f":{"0":2},"b":{},"_coverageSchema":"1a1c01bbd47fc00a2c39e90264f33305004495a9","hash":"d2ff20a2243c8de1506e244707bcbad63f2efc79"}
,"C:\\Users\\lefak\\Documents\\GitHub\\Short-Course-System\\frontend\\src\\components\\StudioBody.jsx": {"path":"C:\\Users\\lefak\\Documents\\GitHub\\Short-Course-System\\frontend\\src\\components\\StudioBody.jsx","statementMap":{"0":{"start":{"line":6,"column":20},"end":{"line":27,"column":1}},"1":{"start":{"line":29,"column":23},"end":{"line":35,"column":1}},"2":{"start":{"line":39,"column":16},"end":{"line":73,"column":1}},"3":{"start":{"line":76,"column":21},"end":{"line":76,"column":34}},"4":{"start":{"line":77,"column":26},"end":{"line":79,"column":5}},"5":{"start":{"line":78,"column":8},"end":{"line":78,"column":30}},"6":{"start":{"line":80,"column":26},"end":{"line":82,"column":5}},"7":{"start":{"line":81,"column":8},"end":{"line":81,"column":28}},"8":{"start":{"line":85,"column":4},"end":{"line":137,"column":5}},"9":{"start":{"line":99,"column":20},"end":{"line":103,"column":26}}},"fnMap":{"0":{"name":"StudioBody","decl":{"start":{"line":75,"column":9},"end":{"line":75,"column":19}},"loc":{"start":{"line":75,"column":22},"end":{"line":138,"column":1}},"line":75},"1":{"name":"(anonymous_1)","decl":{"start":{"line":77,"column":26},"end":{"line":77,"column":27}},"loc":{"start":{"line":77,"column":32},"end":{"line":79,"column":5}},"line":77},"2":{"name":"(anonymous_2)","decl":{"start":{"line":80,"column":26},"end":{"line":80,"column":27}},"loc":{"start":{"line":80,"column":32},"end":{"line":82,"column":5}},"line":80},"3":{"name":"(anonymous_3)","decl":{"start":{"line":98,"column":29},"end":{"line":98,"column":30}},"loc":{"start":{"line":99,"column":20},"end":{"line":103,"column":26}},"line":99}},"branchMap":{},"s":{"0":1,"1":1,"2":1,"3":7,"4":7,"5":1,"6":7,"7":1,"8":7,"9":21},"f":{"0":7,"1":1,"2":1,"3":21},"b":{},"_coverageSchema":"1a1c01bbd47fc00a2c39e90264f33305004495a9","hash":"6378a22f04f8d13b4c86ba20a1f057debbf22c35"}
,"C:\\Users\\lefak\\Documents\\GitHub\\Short-Course-System\\frontend\\src\\components\\StudioHeader.jsx": {"path":"C:\\Users\\lefak\\Documents\\GitHub\\Short-Course-System\\frontend\\src\\components\\StudioHeader.jsx","statementMap":{"0":{"start":{"line":4,"column":4},"end":{"line":14,"column":5}}},"fnMap":{"0":{"name":"StudioHeader","decl":{"start":{"line":3,"column":9},"end":{"line":3,"column":21}},"loc":{"start":{"line":3,"column":24},"end":{"line":15,"column":1}},"line":3}},"branchMap":{},"s":{"0":1},"f":{"0":1},"b":{},"_coverageSchema":"1a1c01bbd47fc00a2c39e90264f33305004495a9","hash":"700274a87ea930eb9f85c66b1c54d2c3a89d32dd"}
,"C:\\Users\\lefak\\Documents\\GitHub\\Short-Course-System\\frontend\\src\\firebase\\firebase.js": {"path":"C:\\Users\\lefak\\Documents\\GitHub\\Short-Course-System\\frontend\\src\\firebase\\firebase.js","statementMap":{"0":{"start":{"line":8,"column":23},"end":{"line":16,"column":1}},"1":{"start":{"line":19,"column":12},"end":{"line":19,"column":41}}},"fnMap":{},"branchMap":{},"s":{"0":1,"1":1},"f":{},"b":{},"_coverageSchema":"1a1c01bbd47fc00a2c39e90264f33305004495a9","hash":"89e5a0143a86fecf6c654623862bdcb3353ea117"}
}
