{"C:\\Users\\MSS\\Documents\\Short-Course-System\\frontend\\src\\CoursesGrid.jsx": {"path":"C:\\Users\\MSS\\Documents\\Short-Course-System\\frontend\\src\\CoursesGrid.jsx","statementMap":{"0":{"start":{"line":7,"column":17},"end":{"line":98,"column":1}},"1":{"start":{"line":101,"column":21},"end":{"line":101,"column":34}},"2":{"start":{"line":102,"column":19},"end":{"line":102,"column":40}},"3":{"start":{"line":105,"column":22},"end":{"line":107,"column":3}},"4":{"start":{"line":106,"column":4},"end":{"line":106,"column":19}},"5":{"start":{"line":108,"column":0},"end":{"line":144,"column":1}},"6":{"start":{"line":117,"column":12},"end":{"line":139,"column":18}},"7":{"start":{"line":121,"column":35},"end":{"line":121,"column":60}}},"fnMap":{"0":{"name":"Example","decl":{"start":{"line":100,"column":24},"end":{"line":100,"column":31}},"loc":{"start":{"line":100,"column":34},"end":{"line":145,"column":1}},"line":100},"1":{"name":"(anonymous_1)","decl":{"start":{"line":105,"column":22},"end":{"line":105,"column":23}},"loc":{"start":{"line":105,"column":32},"end":{"line":107,"column":3}},"line":105},"2":{"name":"(anonymous_2)","decl":{"start":{"line":114,"column":26},"end":{"line":114,"column":27}},"loc":{"start":{"line":117,"column":12},"end":{"line":139,"column":18}},"line":117},"3":{"name":"(anonymous_3)","decl":{"start":{"line":121,"column":29},"end":{"line":121,"column":30}},"loc":{"start":{"line":121,"column":35},"end":{"line":121,"column":60}},"line":121}},"branchMap":{},"s":{"0":1,"1":5,"2":5,"3":0,"4":0,"5":0,"6":0,"7":0},"f":{"0":5,"1":0,"2":0,"3":0},"b":{},"_coverageSchema":"1a1c01bbd47fc00a2c39e90264f33305004495a9","hash":"827ad1aad32a32f03a47d8eac2d32086c55c4166"}
,"C:\\Users\\MSS\\Documents\\Short-Course-System\\frontend\\src\\components\\LessonList.jsx": {"path":"C:\\Users\\MSS\\Documents\\Short-Course-System\\frontend\\src\\components\\LessonList.jsx","statementMap":{"0":{"start":{"line":6,"column":16},"end":{"line":56,"column":1}},"1":{"start":{"line":60,"column":21},"end":{"line":60,"column":34}},"2":{"start":{"line":61,"column":24},"end":{"line":63,"column":5}},"3":{"start":{"line":62,"column":8},"end":{"line":62,"column":27}},"4":{"start":{"line":64,"column":4},"end":{"line":91,"column":3}},"5":{"start":{"line":69,"column":16},"end":{"line":86,"column":21}}},"fnMap":{"0":{"name":"Example","decl":{"start":{"line":58,"column":24},"end":{"line":58,"column":31}},"loc":{"start":{"line":58,"column":34},"end":{"line":92,"column":1}},"line":58},"1":{"name":"(anonymous_1)","decl":{"start":{"line":61,"column":24},"end":{"line":61,"column":25}},"loc":{"start":{"line":61,"column":30},"end":{"line":63,"column":5}},"line":61},"2":{"name":"(anonymous_2)","decl":{"start":{"line":68,"column":25},"end":{"line":68,"column":26}},"loc":{"start":{"line":69,"column":16},"end":{"line":86,"column":21}},"line":69}},"branchMap":{},"s":{"0":1,"1":3,"2":3,"3":0,"4":3,"5":18},"f":{"0":3,"1":0,"2":18},"b":{},"_coverageSchema":"1a1c01bbd47fc00a2c39e90264f33305004495a9","hash":"01eaa97b8bce34640d9432d33027b0cd33e918d1"}
,"C:\\Users\\MSS\\Documents\\Short-Course-System\\frontend\\src\\page\\Courses.jsx": {"path":"C:\\Users\\MSS\\Documents\\Short-Course-System\\frontend\\src\\page\\Courses.jsx","statementMap":{"0":{"start":{"line":6,"column":17},"end":{"line":25,"column":1}},"1":{"start":{"line":27,"column":16},"end":{"line":72,"column":1}},"2":{"start":{"line":28,"column":19},"end":{"line":28,"column":32}},"3":{"start":{"line":29,"column":26},"end":{"line":31,"column":5}},"4":{"start":{"line":30,"column":8},"end":{"line":30,"column":30}},"5":{"start":{"line":33,"column":2},"end":{"line":71,"column":3}},"6":{"start":{"line":38,"column":10},"end":{"line":57,"column":16}}},"fnMap":{"0":{"name":"(anonymous_0)","decl":{"start":{"line":27,"column":16},"end":{"line":27,"column":17}},"loc":{"start":{"line":27,"column":22},"end":{"line":72,"column":1}},"line":27},"1":{"name":"(anonymous_1)","decl":{"start":{"line":29,"column":26},"end":{"line":29,"column":27}},"loc":{"start":{"line":29,"column":32},"end":{"line":31,"column":5}},"line":29},"2":{"name":"(anonymous_2)","decl":{"start":{"line":36,"column":24},"end":{"line":36,"column":25}},"loc":{"start":{"line":38,"column":10},"end":{"line":57,"column":16}},"line":38}},"branchMap":{},"s":{"0":1,"1":1,"2":3,"3":3,"4":0,"5":3,"6":6},"f":{"0":3,"1":0,"2":6},"b":{},"_coverageSchema":"1a1c01bbd47fc00a2c39e90264f33305004495a9","hash":"e26291a517c2c11b88c0a7af1674d14dbd35f740"}
}
