TN:
SF:src\CoursesGrid.jsx
FN:100,Example
FN:105,(anonymous_1)
FN:114,(anonymous_2)
FN:121,(anonymous_3)
FNF:4
FNH:1
FNDA:5,Example
FNDA:0,(anonymous_1)
FNDA:0,(anonymous_2)
FNDA:0,(anonymous_3)
DA:7,1
DA:101,5
DA:102,5
DA:105,0
DA:106,0
DA:108,0
DA:117,0
DA:121,0
LF:8
LH:3
BRF:0
BRH:0
end_of_record
TN:
SF:src\components\LessonList.jsx
FN:58,Example
FN:61,(anonymous_1)
FN:68,(anonymous_2)
FNF:3
FNH:2
FNDA:3,Example
FNDA:0,(anonymous_1)
FNDA:18,(anonymous_2)
DA:6,1
DA:60,3
DA:61,3
DA:62,0
DA:64,3
DA:69,18
LF:6
LH:5
BRF:0
BRH:0
end_of_record
TN:
SF:src\page\Courses.jsx
FN:27,(anonymous_0)
FN:29,(anonymous_1)
FN:36,(anonymous_2)
FNF:3
FNH:2
FNDA:3,(anonymous_0)
FNDA:0,(anonymous_1)
FNDA:6,(anonymous_2)
DA:6,1
DA:27,1
DA:28,3
DA:29,3
DA:30,0
DA:33,3
DA:38,6
LF:7
LH:6
BRF:0
BRH:0
end_of_record
