TN:
SF:src\Home.jsx
FN:2,Home
FNF:1
FNH:1
FNDA:1,Home
DA:3,1
LF:1
LH:1
BRF:0
BRH:0
end_of_record
TN:
SF:src\components\StudioBody.jsx
FN:75,StudioBody
FN:77,(anonymous_1)
FN:80,(anonymous_2)
FN:98,(anonymous_3)
FNF:4
FNH:2
FNDA:4,StudioBody
FNDA:0,(anonymous_1)
FNDA:0,(anonymous_2)
FNDA:9,(anonymous_3)
DA:6,1
DA:29,1
DA:39,1
DA:76,4
DA:77,3
DA:78,0
DA:80,3
DA:81,0
DA:85,3
DA:99,9
LF:10
LH:8
BRF:0
BRH:0
end_of_record
TN:
SF:src\components\StudioHeader.jsx
FN:3,StudioHeader
FNF:1
FNH:1
FNDA:1,StudioHeader
DA:4,1
LF:1
LH:1
BRF:0
BRH:0
end_of_record
TN:
SF:src\page\ChatApp.jsx
FN:5,ChatApp
FNF:1
FNH:0
FNDA:0,ChatApp
DA:7,0
LF:1
LH:0
BRF:0
BRH:0
end_of_record
TN:
SF:src\page\Courses.jsx
FN:27,(anonymous_0)
FN:29,(anonymous_1)
FN:36,(anonymous_2)
FNF:3
FNH:2
FNDA:2,(anonymous_0)
FNDA:0,(anonymous_1)
FNDA:2,(anonymous_2)
DA:6,1
DA:27,1
DA:28,2
DA:29,1
DA:30,0
DA:33,1
DA:38,2
LF:7
LH:6
BRF:0
BRH:0
end_of_record
TN:
SF:src\page\CreaterStudio.jsx
FN:7,(anonymous_0)
FNF:1
FNH:0
FNDA:0,(anonymous_0)
DA:7,1
DA:8,0
LF:2
LH:1
BRF:0
BRH:0
end_of_record
