{"C:\\Users\\sibus\\OneDrive\\Desktop\\short-course-system\\src\\mockData.js": {"path":"C:\\Users\\sibus\\OneDrive\\Desktop\\short-course-system\\src\\mockData.js","statementMap":{"0":{"start":{"line":1,"column":20},"end":{"line":50,"column":3}}},"fnMap":{},"branchMap":{},"s":{"0":0},"f":{},"b":{}}
,"C:\\Users\\sibus\\OneDrive\\Desktop\\short-course-system\\src\\backend\\server.js": {"path":"C:\\Users\\sibus\\OneDrive\\Desktop\\short-course-system\\src\\backend\\server.js","statementMap":{"0":{"start":{"line":6,"column":12},"end":{"line":6,"column":21}},"1":{"start":{"line":7,"column":0},"end":{"line":7,"column":16}},"2":{"start":{"line":9,"column":10},"end":{"line":9,"column":120}},"3":{"start":{"line":12,"column":0},"end":{"line":12,"column":34}},"4":{"start":{"line":13,"column":0},"end":{"line":13,"column":75}},"5":{"start":{"line":16,"column":0},"end":{"line":16,"column":51}},"6":{"start":{"line":17,"column":0},"end":{"line":17,"column":27}},"7":{"start":{"line":20,"column":0},"end":{"line":20,"column":12}},"8":{"start":{"line":23,"column":0},"end":{"line":26,"column":3}},"9":{"start":{"line":24,"column":2},"end":{"line":24,"column":58}}},"fnMap":{"0":{"name":"(anonymous_0)","decl":{"start":{"line":23,"column":17},"end":{"line":23,"column":18}},"loc":{"start":{"line":23,"column":23},"end":{"line":26,"column":1}},"line":23}},"branchMap":{},"s":{"0":0,"1":0,"2":0,"3":0,"4":0,"5":0,"6":0,"7":0,"8":0,"9":0},"f":{"0":0},"b":{}}
,"C:\\Users\\sibus\\OneDrive\\Desktop\\short-course-system\\src\\backend\\Model\\AuthenticationModel.js": {"path":"C:\\Users\\sibus\\OneDrive\\Desktop\\short-course-system\\src\\backend\\Model\\AuthenticationModel.js","statementMap":{"0":{"start":{"line":3,"column":15},"end":{"line":3,"column":30}},"1":{"start":{"line":6,"column":29},"end":{"line":11,"column":2}}},"fnMap":{},"branchMap":{},"s":{"0":0,"1":0},"f":{},"b":{}}
,"C:\\Users\\sibus\\OneDrive\\Desktop\\short-course-system\\src\\backend\\Model\\ChatAppModel.js": {"path":"C:\\Users\\sibus\\OneDrive\\Desktop\\short-course-system\\src\\backend\\Model\\ChatAppModel.js","statementMap":{"0":{"start":{"line":3,"column":15},"end":{"line":3,"column":30}},"1":{"start":{"line":5,"column":19},"end":{"line":34,"column":2}}},"fnMap":{},"branchMap":{},"s":{"0":0,"1":0},"f":{},"b":{}}
,"C:\\Users\\sibus\\OneDrive\\Desktop\\short-course-system\\src\\backend\\Model\\Courses.js": {"path":"C:\\Users\\sibus\\OneDrive\\Desktop\\short-course-system\\src\\backend\\Model\\Courses.js","statementMap":{"0":{"start":{"line":3,"column":15},"end":{"line":3,"column":30}},"1":{"start":{"line":6,"column":22},"end":{"line":29,"column":2}}},"fnMap":{},"branchMap":{},"s":{"0":0,"1":0},"f":{},"b":{}}
,"C:\\Users\\sibus\\OneDrive\\Desktop\\short-course-system\\src\\backend\\Model\\MyCourses.js": {"path":"C:\\Users\\sibus\\OneDrive\\Desktop\\short-course-system\\src\\backend\\Model\\MyCourses.js","statementMap":{"0":{"start":{"line":3,"column":15},"end":{"line":3,"column":30}},"1":{"start":{"line":6,"column":24},"end":{"line":22,"column":2}}},"fnMap":{},"branchMap":{},"s":{"0":0,"1":0},"f":{},"b":{}}
,"C:\\Users\\sibus\\OneDrive\\Desktop\\short-course-system\\src\\backend\\Routes\\routes.js": {"path":"C:\\Users\\sibus\\OneDrive\\Desktop\\short-course-system\\src\\backend\\Routes\\routes.js","statementMap":{"0":{"start":{"line":7,"column":15},"end":{"line":64,"column":1}},"1":{"start":{"line":9,"column":4},"end":{"line":13,"column":23}},"2":{"start":{"line":11,"column":8},"end":{"line":11,"column":49}},"3":{"start":{"line":15,"column":4},"end":{"line":20,"column":23}},"4":{"start":{"line":17,"column":8},"end":{"line":17,"column":29}},"5":{"start":{"line":18,"column":8},"end":{"line":18,"column":37}},"6":{"start":{"line":22,"column":4},"end":{"line":26,"column":32}},"7":{"start":{"line":24,"column":8},"end":{"line":24,"column":36}},"8":{"start":{"line":28,"column":4},"end":{"line":32,"column":23}},"9":{"start":{"line":30,"column":8},"end":{"line":30,"column":46}},"10":{"start":{"line":34,"column":4},"end":{"line":38,"column":26}},"11":{"start":{"line":36,"column":8},"end":{"line":36,"column":48}},"12":{"start":{"line":40,"column":4},"end":{"line":44,"column":23}},"13":{"start":{"line":42,"column":8},"end":{"line":42,"column":50}},"14":{"start":{"line":47,"column":4},"end":{"line":51,"column":23}},"15":{"start":{"line":49,"column":8},"end":{"line":49,"column":48}},"16":{"start":{"line":53,"column":4},"end":{"line":57,"column":24}},"17":{"start":{"line":55,"column":8},"end":{"line":55,"column":49}},"18":{"start":{"line":59,"column":4},"end":{"line":63,"column":21}},"19":{"start":{"line":61,"column":8},"end":{"line":61,"column":51}}},"fnMap":{"0":{"name":"(anonymous_0)","decl":{"start":{"line":7,"column":15},"end":{"line":7,"column":16}},"loc":{"start":{"line":7,"column":23},"end":{"line":64,"column":1}},"line":7},"1":{"name":"(anonymous_1)","decl":{"start":{"line":10,"column":9},"end":{"line":10,"column":10}},"loc":{"start":{"line":10,"column":21},"end":{"line":12,"column":5}},"line":10},"2":{"name":"(anonymous_2)","decl":{"start":{"line":16,"column":9},"end":{"line":16,"column":10}},"loc":{"start":{"line":16,"column":21},"end":{"line":19,"column":5}},"line":16},"3":{"name":"(anonymous_3)","decl":{"start":{"line":23,"column":9},"end":{"line":23,"column":10}},"loc":{"start":{"line":23,"column":21},"end":{"line":25,"column":5}},"line":23},"4":{"name":"(anonymous_4)","decl":{"start":{"line":29,"column":9},"end":{"line":29,"column":10}},"loc":{"start":{"line":29,"column":21},"end":{"line":31,"column":5}},"line":29},"5":{"name":"(anonymous_5)","decl":{"start":{"line":35,"column":9},"end":{"line":35,"column":10}},"loc":{"start":{"line":35,"column":21},"end":{"line":37,"column":5}},"line":35},"6":{"name":"(anonymous_6)","decl":{"start":{"line":41,"column":9},"end":{"line":41,"column":10}},"loc":{"start":{"line":41,"column":21},"end":{"line":43,"column":5}},"line":41},"7":{"name":"(anonymous_7)","decl":{"start":{"line":48,"column":9},"end":{"line":48,"column":10}},"loc":{"start":{"line":48,"column":21},"end":{"line":50,"column":5}},"line":48},"8":{"name":"(anonymous_8)","decl":{"start":{"line":54,"column":9},"end":{"line":54,"column":10}},"loc":{"start":{"line":54,"column":21},"end":{"line":56,"column":5}},"line":54},"9":{"name":"(anonymous_9)","decl":{"start":{"line":60,"column":9},"end":{"line":60,"column":10}},"loc":{"start":{"line":60,"column":21},"end":{"line":62,"column":5}},"line":60}},"branchMap":{},"s":{"0":0,"1":0,"2":0,"3":0,"4":0,"5":0,"6":0,"7":0,"8":0,"9":0,"10":0,"11":0,"12":0,"13":0,"14":0,"15":0,"16":0,"17":0,"18":0,"19":0},"f":{"0":0,"1":0,"2":0,"3":0,"4":0,"5":0,"6":0,"7":0,"8":0,"9":0},"b":{}}
,"C:\\Users\\sibus\\OneDrive\\Desktop\\short-course-system\\src\\backend\\controller\\CoursesController.js": {"path":"C:\\Users\\sibus\\OneDrive\\Desktop\\short-course-system\\src\\backend\\controller\\CoursesController.js","statementMap":{"0":{"start":{"line":4,"column":20},"end":{"line":4,"column":60}},"1":{"start":{"line":7,"column":19},"end":{"line":7,"column":44}},"2":{"start":{"line":9,"column":4},"end":{"line":9,"column":77}},"3":{"start":{"line":9,"column":35},"end":{"line":9,"column":51}},"4":{"start":{"line":9,"column":64},"end":{"line":9,"column":75}},"5":{"start":{"line":15,"column":4},"end":{"line":15,"column":157}},"6":{"start":{"line":15,"column":115},"end":{"line":15,"column":131}},"7":{"start":{"line":15,"column":144},"end":{"line":15,"column":155}},"8":{"start":{"line":20,"column":4},"end":{"line":20,"column":117}},"9":{"start":{"line":20,"column":75},"end":{"line":20,"column":91}},"10":{"start":{"line":20,"column":104},"end":{"line":20,"column":115}}},"fnMap":{"0":{"name":"CreateCourse","decl":{"start":{"line":6,"column":16},"end":{"line":6,"column":28}},"loc":{"start":{"line":6,"column":37},"end":{"line":10,"column":1}},"line":6},"1":{"name":"(anonymous_1)","decl":{"start":{"line":9,"column":25},"end":{"line":9,"column":26}},"loc":{"start":{"line":9,"column":35},"end":{"line":9,"column":51}},"line":9},"2":{"name":"(anonymous_2)","decl":{"start":{"line":9,"column":59},"end":{"line":9,"column":60}},"loc":{"start":{"line":9,"column":64},"end":{"line":9,"column":75}},"line":9},"3":{"name":"UpdateClasses","decl":{"start":{"line":13,"column":16},"end":{"line":13,"column":29}},"loc":{"start":{"line":13,"column":38},"end":{"line":16,"column":1}},"line":13},"4":{"name":"(anonymous_4)","decl":{"start":{"line":15,"column":105},"end":{"line":15,"column":106}},"loc":{"start":{"line":15,"column":115},"end":{"line":15,"column":131}},"line":15},"5":{"name":"(anonymous_5)","decl":{"start":{"line":15,"column":139},"end":{"line":15,"column":140}},"loc":{"start":{"line":15,"column":144},"end":{"line":15,"column":155}},"line":15},"6":{"name":"GetClasses","decl":{"start":{"line":18,"column":16},"end":{"line":18,"column":26}},"loc":{"start":{"line":18,"column":35},"end":{"line":21,"column":1}},"line":18},"7":{"name":"(anonymous_7)","decl":{"start":{"line":20,"column":65},"end":{"line":20,"column":66}},"loc":{"start":{"line":20,"column":75},"end":{"line":20,"column":91}},"line":20},"8":{"name":"(anonymous_8)","decl":{"start":{"line":20,"column":99},"end":{"line":20,"column":100}},"loc":{"start":{"line":20,"column":104},"end":{"line":20,"column":115}},"line":20}},"branchMap":{},"s":{"0":0,"1":0,"2":0,"3":0,"4":0,"5":0,"6":0,"7":0,"8":0,"9":0,"10":0},"f":{"0":0,"1":0,"2":0,"3":0,"4":0,"5":0,"6":0,"7":0,"8":0},"b":{}}
,"C:\\Users\\sibus\\OneDrive\\Desktop\\short-course-system\\src\\backend\\controller\\MyCoursesController.js": {"path":"C:\\Users\\sibus\\OneDrive\\Desktop\\short-course-system\\src\\backend\\controller\\MyCoursesController.js","statementMap":{"0":{"start":{"line":4,"column":23},"end":{"line":4,"column":67}},"1":{"start":{"line":7,"column":20},"end":{"line":7,"column":48}},"2":{"start":{"line":9,"column":4},"end":{"line":9,"column":78}},"3":{"start":{"line":9,"column":36},"end":{"line":9,"column":52}},"4":{"start":{"line":9,"column":65},"end":{"line":9,"column":76}},"5":{"start":{"line":14,"column":4},"end":{"line":14,"column":152}},"6":{"start":{"line":14,"column":110},"end":{"line":14,"column":126}},"7":{"start":{"line":14,"column":139},"end":{"line":14,"column":150}},"8":{"start":{"line":18,"column":4},"end":{"line":18,"column":108}},"9":{"start":{"line":18,"column":66},"end":{"line":18,"column":82}},"10":{"start":{"line":18,"column":95},"end":{"line":18,"column":106}}},"fnMap":{"0":{"name":"AddMyCourses","decl":{"start":{"line":6,"column":16},"end":{"line":6,"column":28}},"loc":{"start":{"line":6,"column":37},"end":{"line":10,"column":1}},"line":6},"1":{"name":"(anonymous_1)","decl":{"start":{"line":9,"column":26},"end":{"line":9,"column":27}},"loc":{"start":{"line":9,"column":36},"end":{"line":9,"column":52}},"line":9},"2":{"name":"(anonymous_2)","decl":{"start":{"line":9,"column":60},"end":{"line":9,"column":61}},"loc":{"start":{"line":9,"column":65},"end":{"line":9,"column":76}},"line":9},"3":{"name":"UpdateMyCourses","decl":{"start":{"line":12,"column":16},"end":{"line":12,"column":31}},"loc":{"start":{"line":12,"column":40},"end":{"line":15,"column":1}},"line":12},"4":{"name":"(anonymous_4)","decl":{"start":{"line":14,"column":100},"end":{"line":14,"column":101}},"loc":{"start":{"line":14,"column":110},"end":{"line":14,"column":126}},"line":14},"5":{"name":"(anonymous_5)","decl":{"start":{"line":14,"column":134},"end":{"line":14,"column":135}},"loc":{"start":{"line":14,"column":139},"end":{"line":14,"column":150}},"line":14},"6":{"name":"GetMyCourses","decl":{"start":{"line":17,"column":16},"end":{"line":17,"column":28}},"loc":{"start":{"line":17,"column":37},"end":{"line":19,"column":1}},"line":17},"7":{"name":"(anonymous_7)","decl":{"start":{"line":18,"column":56},"end":{"line":18,"column":57}},"loc":{"start":{"line":18,"column":66},"end":{"line":18,"column":82}},"line":18},"8":{"name":"(anonymous_8)","decl":{"start":{"line":18,"column":90},"end":{"line":18,"column":91}},"loc":{"start":{"line":18,"column":95},"end":{"line":18,"column":106}},"line":18}},"branchMap":{},"s":{"0":0,"1":0,"2":0,"3":0,"4":0,"5":0,"6":0,"7":0,"8":0,"9":0,"10":0},"f":{"0":0,"1":0,"2":0,"3":0,"4":0,"5":0,"6":0,"7":0,"8":0},"b":{}}
,"C:\\Users\\sibus\\OneDrive\\Desktop\\short-course-system\\src\\backend\\controller\\RegisterUser.js": {"path":"C:\\Users\\sibus\\OneDrive\\Desktop\\short-course-system\\src\\backend\\controller\\RegisterUser.js","statementMap":{"0":{"start":{"line":4,"column":26},"end":{"line":4,"column":78}},"1":{"start":{"line":7,"column":23},"end":{"line":7,"column":54}},"2":{"start":{"line":9,"column":4},"end":{"line":9,"column":81}},"3":{"start":{"line":9,"column":39},"end":{"line":9,"column":55}},"4":{"start":{"line":9,"column":68},"end":{"line":9,"column":79}}},"fnMap":{"0":{"name":"registerUser","decl":{"start":{"line":6,"column":9},"end":{"line":6,"column":21}},"loc":{"start":{"line":6,"column":30},"end":{"line":10,"column":1}},"line":6},"1":{"name":"(anonymous_1)","decl":{"start":{"line":9,"column":29},"end":{"line":9,"column":30}},"loc":{"start":{"line":9,"column":39},"end":{"line":9,"column":55}},"line":9},"2":{"name":"(anonymous_2)","decl":{"start":{"line":9,"column":63},"end":{"line":9,"column":64}},"loc":{"start":{"line":9,"column":68},"end":{"line":9,"column":79}},"line":9}},"branchMap":{},"s":{"0":0,"1":0,"2":0,"3":0,"4":0},"f":{"0":0,"1":0,"2":0},"b":{}}
,"C:\\Users\\sibus\\OneDrive\\Desktop\\short-course-system\\src\\backend\\controller\\RetrieveUser.js": {"path":"C:\\Users\\sibus\\OneDrive\\Desktop\\short-course-system\\src\\backend\\controller\\RetrieveUser.js","statementMap":{"0":{"start":{"line":4,"column":18},"end":{"line":4,"column":70}},"1":{"start":{"line":7,"column":18},"end":{"line":7,"column":32}},"2":{"start":{"line":8,"column":21},"end":{"line":8,"column":38}},"3":{"start":{"line":10,"column":4},"end":{"line":13,"column":30}},"4":{"start":{"line":11,"column":8},"end":{"line":11,"column":25}},"5":{"start":{"line":13,"column":17},"end":{"line":13,"column":28}}},"fnMap":{"0":{"name":"RetrieveUser","decl":{"start":{"line":6,"column":9},"end":{"line":6,"column":21}},"loc":{"start":{"line":6,"column":30},"end":{"line":15,"column":1}},"line":6},"1":{"name":"(anonymous_1)","decl":{"start":{"line":10,"column":65},"end":{"line":10,"column":66}},"loc":{"start":{"line":10,"column":75},"end":{"line":12,"column":5}},"line":10},"2":{"name":"(anonymous_2)","decl":{"start":{"line":13,"column":12},"end":{"line":13,"column":13}},"loc":{"start":{"line":13,"column":17},"end":{"line":13,"column":28}},"line":13}},"branchMap":{},"s":{"0":0,"1":0,"2":0,"3":0,"4":0,"5":0},"f":{"0":0,"1":0,"2":0},"b":{}}
,"C:\\Users\\sibus\\OneDrive\\Desktop\\short-course-system\\src\\backend\\controller\\SendMessageController.js": {"path":"C:\\Users\\sibus\\OneDrive\\Desktop\\short-course-system\\src\\backend\\controller\\SendMessageController.js","statementMap":{"0":{"start":{"line":4,"column":20},"end":{"line":4,"column":63}},"1":{"start":{"line":7,"column":21},"end":{"line":7,"column":46}},"2":{"start":{"line":9,"column":4},"end":{"line":9,"column":79}},"3":{"start":{"line":9,"column":37},"end":{"line":9,"column":53}},"4":{"start":{"line":9,"column":66},"end":{"line":9,"column":77}}},"fnMap":{"0":{"name":"SendMessage","decl":{"start":{"line":6,"column":9},"end":{"line":6,"column":20}},"loc":{"start":{"line":6,"column":30},"end":{"line":10,"column":1}},"line":6},"1":{"name":"(anonymous_1)","decl":{"start":{"line":9,"column":27},"end":{"line":9,"column":28}},"loc":{"start":{"line":9,"column":37},"end":{"line":9,"column":53}},"line":9},"2":{"name":"(anonymous_2)","decl":{"start":{"line":9,"column":61},"end":{"line":9,"column":62}},"loc":{"start":{"line":9,"column":66},"end":{"line":9,"column":77}},"line":9}},"branchMap":{},"s":{"0":0,"1":0,"2":0,"3":0,"4":0},"f":{"0":0,"1":0,"2":0},"b":{}}
}
