TN:
SF:src\mockData.js
FNF:0
FNH:0
DA:1,0
LF:1
LH:0
BRF:0
BRH:0
end_of_record
TN:
SF:src\backend\server.js
FN:23,(anonymous_0)
FNF:1
FNH:0
FNDA:0,(anonymous_0)
DA:6,0
DA:7,0
DA:9,0
DA:12,0
DA:13,0
DA:16,0
DA:17,0
DA:20,0
DA:23,0
DA:24,0
LF:10
LH:0
BRF:0
BRH:0
end_of_record
TN:
SF:src\backend\Model\AuthenticationModel.js
FNF:0
FNH:0
DA:3,0
DA:6,0
LF:2
LH:0
BRF:0
BRH:0
end_of_record
TN:
SF:src\backend\Model\ChatAppModel.js
FNF:0
FNH:0
DA:3,0
DA:5,0
LF:2
LH:0
BRF:0
BRH:0
end_of_record
TN:
SF:src\backend\Model\Courses.js
FNF:0
FNH:0
DA:3,0
DA:6,0
LF:2
LH:0
BRF:0
BRH:0
end_of_record
TN:
SF:src\backend\Model\MyCourses.js
FNF:0
FNH:0
DA:3,0
DA:6,0
LF:2
LH:0
BRF:0
BRH:0
end_of_record
TN:
SF:src\backend\Routes\routes.js
FN:7,(anonymous_0)
FN:10,(anonymous_1)
FN:16,(anonymous_2)
FN:23,(anonymous_3)
FN:29,(anonymous_4)
FN:35,(anonymous_5)
FN:41,(anonymous_6)
FN:48,(anonymous_7)
FN:54,(anonymous_8)
FN:60,(anonymous_9)
FNF:10
FNH:0
FNDA:0,(anonymous_0)
FNDA:0,(anonymous_1)
FNDA:0,(anonymous_2)
FNDA:0,(anonymous_3)
FNDA:0,(anonymous_4)
FNDA:0,(anonymous_5)
FNDA:0,(anonymous_6)
FNDA:0,(anonymous_7)
FNDA:0,(anonymous_8)
FNDA:0,(anonymous_9)
DA:7,0
DA:9,0
DA:11,0
DA:15,0
DA:17,0
DA:18,0
DA:22,0
DA:24,0
DA:28,0
DA:30,0
DA:34,0
DA:36,0
DA:40,0
DA:42,0
DA:47,0
DA:49,0
DA:53,0
DA:55,0
DA:59,0
DA:61,0
LF:20
LH:0
BRF:0
BRH:0
end_of_record
TN:
SF:src\backend\controller\CoursesController.js
FN:6,CreateCourse
FN:9,(anonymous_1)
FN:9,(anonymous_2)
FN:13,UpdateClasses
FN:15,(anonymous_4)
FN:15,(anonymous_5)
FN:18,GetClasses
FN:20,(anonymous_7)
FN:20,(anonymous_8)
FNF:9
FNH:0
FNDA:0,CreateCourse
FNDA:0,(anonymous_1)
FNDA:0,(anonymous_2)
FNDA:0,UpdateClasses
FNDA:0,(anonymous_4)
FNDA:0,(anonymous_5)
FNDA:0,GetClasses
FNDA:0,(anonymous_7)
FNDA:0,(anonymous_8)
DA:4,0
DA:7,0
DA:9,0
DA:15,0
DA:20,0
LF:5
LH:0
BRF:0
BRH:0
end_of_record
TN:
SF:src\backend\controller\MyCoursesController.js
FN:6,AddMyCourses
FN:9,(anonymous_1)
FN:9,(anonymous_2)
FN:12,UpdateMyCourses
FN:14,(anonymous_4)
FN:14,(anonymous_5)
FN:17,GetMyCourses
FN:18,(anonymous_7)
FN:18,(anonymous_8)
FNF:9
FNH:0
FNDA:0,AddMyCourses
FNDA:0,(anonymous_1)
FNDA:0,(anonymous_2)
FNDA:0,UpdateMyCourses
FNDA:0,(anonymous_4)
FNDA:0,(anonymous_5)
FNDA:0,GetMyCourses
FNDA:0,(anonymous_7)
FNDA:0,(anonymous_8)
DA:4,0
DA:7,0
DA:9,0
DA:14,0
DA:18,0
LF:5
LH:0
BRF:0
BRH:0
end_of_record
TN:
SF:src\backend\controller\RegisterUser.js
FN:6,registerUser
FN:9,(anonymous_1)
FN:9,(anonymous_2)
FNF:3
FNH:0
FNDA:0,registerUser
FNDA:0,(anonymous_1)
FNDA:0,(anonymous_2)
DA:4,0
DA:7,0
DA:9,0
LF:3
LH:0
BRF:0
BRH:0
end_of_record
TN:
SF:src\backend\controller\RetrieveUser.js
FN:6,RetrieveUser
FN:10,(anonymous_1)
FN:13,(anonymous_2)
FNF:3
FNH:0
FNDA:0,RetrieveUser
FNDA:0,(anonymous_1)
FNDA:0,(anonymous_2)
DA:4,0
DA:7,0
DA:8,0
DA:10,0
DA:11,0
DA:13,0
LF:6
LH:0
BRF:0
BRH:0
end_of_record
TN:
SF:src\backend\controller\SendMessageController.js
FN:6,SendMessage
FN:9,(anonymous_1)
FN:9,(anonymous_2)
FNF:3
FNH:0
FNDA:0,SendMessage
FNDA:0,(anonymous_1)
FNDA:0,(anonymous_2)
DA:4,0
DA:7,0
DA:9,0
LF:3
LH:0
BRF:0
BRH:0
end_of_record
